<?xml version="1.0" encoding="UTF-8"?>
<!-- Generated by org.testng.reporters.JUnitReportReporter -->
<testsuite skipped="0" hostname="Andrey-PC" name="Day2.Day2" tests="1" failures="0" timestamp="24 Feb 2019 03:53:24 GMT" time="12.538" errors="0">
  <testcase name="testYahooSearch" time="12.538" classname="Day2.Day2"/>
</testsuite> <!-- Day2.Day2 -->
