<?xml version="1.0" encoding="UTF-8"?>
<!-- Generated by org.testng.reporters.JUnitReportReporter -->
<testsuite skipped="0" hostname="Andrey-PC" name="Day5.Xpath" tests="1" failures="0" timestamp="17 Mar 2019 00:30:08 GMT" time="3.840" errors="0">
  <testcase name="test001" time="3.840" classname="Day5.Xpath"/>
</testsuite> <!-- Day5.Xpath -->
