<?xml version="1.0" encoding="UTF-8"?>
<!-- Generated by org.testng.reporters.JUnitReportReporter -->
<testsuite skipped="0" hostname="Andrey-PC" name="Day2.Test.YahooTestClass" tests="1" failures="0" timestamp="17 Mar 2019 20:33:48 GMT" time="11.594" errors="0">
  <testcase name="YahooSearchTest" time="11.594" classname="Day2.Test.YahooTestClass"/>
</testsuite> <!-- Day2.Test.YahooTestClass -->
