<?xml version="1.0" encoding="UTF-8"?>
<!-- Generated by org.testng.reporters.JUnitReportReporter -->
<testsuite skipped="0" hostname="Andrey-PC" name="Day2.TestPackage.YahooTestClass" tests="1" failures="0" timestamp="17 Mar 2019 20:32:04 GMT" time="12.985" errors="0">
  <testcase name="YahooSearchTest" time="12.985" classname="Day2.TestPackage.YahooTestClass"/>
</testsuite> <!-- Day2.TestPackage.YahooTestClass -->
