<?xml version="1.0" encoding="UTF-8"?>
<!-- Generated by org.testng.reporters.JUnitReportReporter -->
<testsuite skipped="0" hostname="Andrey-PC" name="Day3.Day3CheckBoxesTest" tests="1" failures="0" timestamp="24 Feb 2019 05:27:16 GMT" time="6.036" errors="0">
  <testcase name="test001" time="6.036" classname="Day3.Day3CheckBoxesTest"/>
</testsuite> <!-- Day3.Day3CheckBoxesTest -->
