<?xml version="1.0" encoding="UTF-8"?>
<!-- Generated by org.testng.reporters.JUnitReportReporter -->
<testsuite skipped="0" hostname="Andrey-PC" name="day4.WindowsHandles" tests="1" failures="0" timestamp="06 Mar 2019 06:04:11 GMT" time="10.188" errors="0">
  <testcase name="test001" time="10.188" classname="day4.WindowsHandles"/>
</testsuite> <!-- day4.WindowsHandles -->
