<?xml version="1.0" encoding="UTF-8"?>
<!-- Generated by org.testng.reporters.JUnitReportReporter -->
<testsuite skipped="0" hostname="Andrey-PC" name="day1.Day1Coding" tests="1" failures="0" timestamp="10 Feb 2019 07:41:52 GMT" time="0.014" errors="0">
  <testcase name="printEvenNumbers" time="0.014" classname="day1.Day1Coding"/>
</testsuite> <!-- day1.Day1Coding -->
