<?xml version="1.0" encoding="UTF-8"?>
<!-- Generated by org.testng.reporters.JUnitReportReporter -->
<testsuite skipped="0" hostname="Andrey-PC" name="Day3.CheckBoxesTest" tests="1" failures="0" timestamp="24 Feb 2019 05:23:57 GMT" time="3.379" errors="0">
  <testcase name="test001" time="3.379" classname="Day3.CheckBoxesTest"/>
</testsuite> <!-- Day3.CheckBoxesTest -->
