<?xml version="1.0" encoding="UTF-8"?>
<!-- Generated by org.testng.reporters.JUnitReportReporter -->
<testsuite skipped="0" hostname="Andrey-PC" name="Day2.YahooTestClass" tests="1" failures="0" timestamp="17 Mar 2019 20:30:17 GMT" time="15.504" errors="0">
  <testcase name="YahooSearchTest" time="15.504" classname="Day2.YahooTestClass"/>
</testsuite> <!-- Day2.YahooTestClass -->
